\BOOKMARK [0][-]{section*.2}{\376\377\000G\000l\000o\000s\000a\000r}{}% 1
\BOOKMARK [0][-]{chapter*.3}{\376\377\000L\000i\000s\000t\001\003\000\040\000d\000e\000\040\000f\000i\000g\000u\000r\000i}{}% 2
\BOOKMARK [0][-]{chapter*.4}{\376\377\000L\000i\000s\000t\001\003\000\040\000d\000e\000\040\000t\000a\000b\000e\000l\000e}{}% 3
\BOOKMARK [0][-]{chapter*.5}{\376\377\000L\000i\000s\000t\001\003\000\040\000d\000e\000\040\000a\000l\000g\000o\000r\000i\000t\000m\000i}{}% 4
\BOOKMARK [0][-]{chapter.1}{\376\377\0001\000\040\000I\000n\000d\000i\000c\000a\002\033\000i\000i\000\040\000d\000e\000\040\000r\000e\000d\000a\000c\000t\000a\000r\000e}{}% 5
\BOOKMARK [1][-]{section.1.1}{\376\377\0001\000.\0001\000\040\000P\000a\000g\000i\000n\000a\000\040\000d\000e\000\040\000t\000i\000t\000l\000u}{chapter.1}% 6
\BOOKMARK [1][-]{section.1.2}{\376\377\0001\000.\0002\000\040\000I\000n\000t\000r\000o\000d\000u\000c\000e\000r\000e}{chapter.1}% 7
\BOOKMARK [1][-]{section.1.3}{\376\377\0001\000.\0003\000\040\000F\000o\000r\000m\000a\000t\000a\000r\000e}{chapter.1}% 8
\BOOKMARK [1][-]{section.1.4}{\376\377\0001\000.\0004\000\040\000D\000i\000m\000e\000n\000s\000i\000u\000n\000e}{chapter.1}% 9
\BOOKMARK [1][-]{section.1.5}{\376\377\0001\000.\0005\000\040\000C\000u\000p\000r\000i\000n\000s}{chapter.1}% 10
\BOOKMARK [1][-]{section.1.6}{\376\377\0001\000.\0006\000\040\000F\000i\000g\000u\000r\000i\000,\000\040\000g\000r\000a\000f\000i\000c\000e\000\040\002\031\000i\000\040\000t\000a\000b\000e\000l\000e}{chapter.1}% 11
\BOOKMARK [1][-]{section.1.7}{\376\377\0001\000.\0007\000\040\000E\000c\000u\000a\001\143\000i\000i}{chapter.1}% 12
\BOOKMARK [1][-]{section.1.8}{\376\377\0001\000.\0008\000\040\000B\000i\000b\000l\000i\000o\000g\000r\000a\000f\000i\000e}{chapter.1}% 13
\BOOKMARK [0][-]{chapter.2}{\376\377\0002\000\040\000D\000e\000s\000p\000r\000e\000\040\000p\000l\000a\000g\000i\000a\000t}{}% 14
\BOOKMARK [0][-]{chapter.3}{\376\377\0003\000\040\000D\000e\000t\000a\000l\000i\000i\000\040\000f\000o\000r\000m\000a\000t\000a\000r\000e\000\040\000L\000a\000T\000e\000X}{}% 15
\BOOKMARK [1][-]{section.3.1}{\376\377\0003\000.\0001\000\040\000E\000x\000e\000m\000p\000l\000e\000\040\000c\000o\000m\000e\000n\000z\000i\000\040\000d\000e\000\040\000t\000i\000p\000\040\000f\000l\000o\000a\000t}{chapter.3}% 16
\BOOKMARK [2][-]{subsection.3.1.1}{\376\377\0003\000.\0001\000.\0001\000\040\000T\000a\000b\000e\000l\000e}{section.3.1}% 17
\BOOKMARK [2][-]{subsection.3.1.2}{\376\377\0003\000.\0001\000.\0002\000\040\000F\000i\000g\000u\000r\000i}{section.3.1}% 18
\BOOKMARK [2][-]{subsection.3.1.3}{\376\377\0003\000.\0001\000.\0003\000\040\000A\000l\000g\000o\000r\000i\000t\000m\000i}{section.3.1}% 19
\BOOKMARK [1][-]{section.3.2}{\376\377\0003\000.\0002\000\040\000L\000i\000s\000t\000a\000\040\000b\000i\000b\000l\000i\000o\000g\000r\000a\000f\000i\000c\001\003}{chapter.3}% 20
\BOOKMARK [1][-]{section.3.3}{\376\377\0003\000.\0003\000\040\000L\000o\000c\000a\000l\000i\000z\000a\000r\000e\000:\000\040\000r\000o\000m\000\342\000n\001\003\000\040\000v\000e\000r\000s\000u\000s\000\040\000e\000n\000g\000l\000e\000z\001\003}{chapter.3}% 21
\BOOKMARK [1][-]{section.3.4}{\376\377\0003\000.\0004\000\040\000D\000i\000v\000e\000r\000s\000e}{chapter.3}% 22
\BOOKMARK [0][-]{chapter.4}{\376\377\0004\000\040\000C\000a\000p\000i\000t\000o\000l\000\040\000T\000e\000s\000t}{}% 23
\BOOKMARK [0][-]{section*.13}{\376\377\000A\000n\000e\000x\000e}{}% 24
\BOOKMARK [0][-]{Anexa.a.A}{\376\377\000A\000\040\000N\000o\000t\000a\001\143\000i\000i\000\040\000m\000a\000t\000e\000m\000a\000t\000i\000c\000e\000\040\000c\000o\000n\000s\000a\000c\000r\000a\000t\000e}{}% 25
\BOOKMARK [0][-]{Anexa.a.B}{\376\377\000B\000\040\000F\000i\002\031\000i\000e\000r\000e\000\040\000s\000u\000r\000s\001\003}{}% 26
\BOOKMARK [0][-]{chapter*.14}{\376\377\000B\000i\000b\000l\000i\000o\000g\000r\000a\000f\000i\000e}{}% 27
